[debug] [2022-03-20T10:30:55.453Z] ----------------------------------------------------------------------
[debug] [2022-03-20T10:30:55.455Z] Command:       C:\Program Files\nodejs\node.exe C:\Users\laksu\AppData\Roaming\npm\node_modules\firebase-tools\lib\bin\firebase.js init
[debug] [2022-03-20T10:30:55.455Z] CLI Version:   10.4.0
[debug] [2022-03-20T10:30:55.455Z] Platform:      win32
[debug] [2022-03-20T10:30:55.455Z] Node Version:  v16.13.1
[debug] [2022-03-20T10:30:55.456Z] Time:          Sun Mar 20 2022 16:00:55 GMT+0530 (India Standard Time)
[debug] [2022-03-20T10:30:55.456Z] ----------------------------------------------------------------------
[debug] 
[debug] [2022-03-20T10:30:55.505Z] > command requires scopes: ["email","openid","https://www.googleapis.com/auth/cloudplatformprojects.readonly","https://www.googleapis.com/auth/firebase","https://www.googleapis.com/auth/cloud-platform"]
[debug] [2022-03-20T10:30:55.506Z] > authorizing via signed-in user (sumanm2003@gmail.com)
[info] 
     ######## #### ########  ######## ########     ###     ######  ########
     ##        ##  ##     ## ##       ##     ##  ##   ##  ##       ##
     ######    ##  ########  ######   ########  #########  ######  ######
     ##        ##  ##    ##  ##       ##     ## ##     ##       ## ##
     ##       #### ##     ## ######## ########  ##     ##  ######  ########

You're about to initialize a Firebase project in this directory:

  C:\Users\laksu\OneDrive\Desktop\rjswebsite

Before we get started, keep in mind:

  * You are initializing within an existing Firebase project directory

